

Version:	3.12
CmdLine:	C:\Users\Ricardo\Desktop\PNotes\Deploying\PNotes.exe --l4j-debug
WOW64:		yes
Working dir:	C:\Users\Ricardo\Desktop\PNotes\Deploying\.
Java min ver:	1.006.000
Java max ver:	
64-bit search:	SOFTWARE\JavaSoft\Java Runtime Environment...
Check:		SOFTWARE\JavaSoft\Java Runtime Environment\1.8
Check launcher:	C:\Program Files\Java\jre1.8.0_181\bin\javaw.exe (OK)
Match:		1.008.000
Check:		SOFTWARE\JavaSoft\Java Runtime Environment\1.8.0_181
Check launcher:	C:\Program Files\Java\jre1.8.0_181\bin\javaw.exe (OK)
Match:		1.008.000_181
64-bit search:	SOFTWARE\JavaSoft\Java Development Kit...
Check:		SOFTWARE\JavaSoft\Java Development Kit\1.8
Ignore:		1.008.000
Check:		SOFTWARE\JavaSoft\Java Development Kit\1.8.0_181
Ignore:		1.008.000_181
64-bit search:	SOFTWARE\JavaSoft\JRE...
64-bit search:	SOFTWARE\JavaSoft\JDK...
Runtime used:	1.008.000_181 (64-bit)
Main class:	app.Menu
Add classpath:	lib\jcalendar-1.4.jar
Add classpath:	lib\AbsoluteLayout.jar
Add classpath:	lib\commons-collections-3.2.1.jar
Add classpath:	lib\commons-digester-2.1.jar
Add classpath:	lib\commons-logging-1.2.jar
Add classpath:	lib\groovy-2.4.5.jar
Add classpath:	lib\itext-pdfa-5.5.4.jar
Add classpath:	lib\itextpdf-5.5.4.jar
Add classpath:	lib\jasperreports-6.0.0.jar
Add classpath:	lib\mysql-connector-java-5.1.47.jar
Add classpath:	lib\mysql-connector-java-5.1.23-bin.jar
Add classpath:	lib\mysql-connector-java-8.0.13.jar
Launcher:	C:\Program Files\Java\jre1.8.0_181\bin\javaw.exe
Launcher args:	-classpath "C:\Users\Ricardo\Desktop\PNotes\Deploying\PNotes.exe;lib\jcalendar-1.4.jar;lib\AbsoluteLayout.jar;lib\commons-collections-3.2.1.jar;lib\commons-digester-2.1.jar;lib\commons-logging-1.2.jar;lib\groovy-2.4.5.jar;lib\itext-pdfa-5.5.4.jar;lib\itextpdf-5.5.4.jar;lib\jasperreports-6.0.0.jar;lib\mysql-connector-java-5.1.47.jar;lib\mysql-connector-java-5.1.23-bin.jar;lib\mysql-connector-java-8.0.13.jar" app.Menu
Args length:	419/32768 chars
Exit code:	0


Version:	3.12
CmdLine:	C:\Users\Ricardo\Desktop\PNotes\Deploying\PNotes.exe --l4j-debug
WOW64:		yes
Working dir:	C:\Users\Ricardo\Desktop\PNotes\Deploying\.
Java min ver:	1.006.000
Java max ver:	
64-bit search:	SOFTWARE\JavaSoft\Java Runtime Environment...
Check:		SOFTWARE\JavaSoft\Java Runtime Environment\1.8
Check launcher:	C:\Program Files\Java\jre1.8.0_181\bin\javaw.exe (OK)
Match:		1.008.000
Check:		SOFTWARE\JavaSoft\Java Runtime Environment\1.8.0_181
Check launcher:	C:\Program Files\Java\jre1.8.0_181\bin\javaw.exe (OK)
Match:		1.008.000_181
64-bit search:	SOFTWARE\JavaSoft\Java Development Kit...
Check:		SOFTWARE\JavaSoft\Java Development Kit\1.8
Ignore:		1.008.000
Check:		SOFTWARE\JavaSoft\Java Development Kit\1.8.0_181
Ignore:		1.008.000_181
64-bit search:	SOFTWARE\JavaSoft\JRE...
64-bit search:	SOFTWARE\JavaSoft\JDK...
Runtime used:	1.008.000_181 (64-bit)
Main class:	app.Menu
Add classpath:	lib\jcalendar-1.4.jar
Add classpath:	lib\AbsoluteLayout.jar
Add classpath:	lib\commons-collections-3.2.1.jar
Add classpath:	lib\commons-digester-2.1.jar
Add classpath:	lib\commons-logging-1.2.jar
Add classpath:	lib\groovy-2.4.5.jar
Add classpath:	lib\itext-pdfa-5.5.4.jar
Add classpath:	lib\itextpdf-5.5.4.jar
Add classpath:	lib\jasperreports-6.0.0.jar
Add classpath:	lib\mysql-connector-java-5.1.47.jar
Add classpath:	lib\mysql-connector-java-5.1.23-bin.jar
Add classpath:	lib\mysql-connector-java-8.0.13.jar
Launcher:	C:\Program Files\Java\jre1.8.0_181\bin\javaw.exe
Launcher args:	-classpath "C:\Users\Ricardo\Desktop\PNotes\Deploying\PNotes.exe;lib\jcalendar-1.4.jar;lib\AbsoluteLayout.jar;lib\commons-collections-3.2.1.jar;lib\commons-digester-2.1.jar;lib\commons-logging-1.2.jar;lib\groovy-2.4.5.jar;lib\itext-pdfa-5.5.4.jar;lib\itextpdf-5.5.4.jar;lib\jasperreports-6.0.0.jar;lib\mysql-connector-java-5.1.47.jar;lib\mysql-connector-java-5.1.23-bin.jar;lib\mysql-connector-java-8.0.13.jar" app.Menu
Args length:	419/32768 chars
Exit code:	0


Version:	3.12
CmdLine:	C:\Users\Ricardo\Desktop\PNotes\Deploying\PNotes.exe --l4j-debug
WOW64:		yes
Working dir:	C:\Users\Ricardo\Desktop\PNotes\Deploying\.
Java min ver:	1.006.000
Java max ver:	
64-bit search:	SOFTWARE\JavaSoft\Java Runtime Environment...
Check:		SOFTWARE\JavaSoft\Java Runtime Environment\1.8
Check launcher:	C:\Program Files\Java\jre1.8.0_181\bin\javaw.exe (OK)
Match:		1.008.000
Check:		SOFTWARE\JavaSoft\Java Runtime Environment\1.8.0_181
Check launcher:	C:\Program Files\Java\jre1.8.0_181\bin\javaw.exe (OK)
Match:		1.008.000_181
64-bit search:	SOFTWARE\JavaSoft\Java Development Kit...
Check:		SOFTWARE\JavaSoft\Java Development Kit\1.8
Ignore:		1.008.000
Check:		SOFTWARE\JavaSoft\Java Development Kit\1.8.0_181
Ignore:		1.008.000_181
64-bit search:	SOFTWARE\JavaSoft\JRE...
64-bit search:	SOFTWARE\JavaSoft\JDK...
Runtime used:	1.008.000_181 (64-bit)
Main class:	app.Menu
Add classpath:	lib\jcalendar-1.4.jar
Add classpath:	lib\AbsoluteLayout.jar
Add classpath:	lib\commons-collections-3.2.1.jar
Add classpath:	lib\commons-digester-2.1.jar
Add classpath:	lib\commons-logging-1.2.jar
Add classpath:	lib\groovy-2.4.5.jar
Add classpath:	lib\itext-pdfa-5.5.4.jar
Add classpath:	lib\itextpdf-5.5.4.jar
Add classpath:	lib\jasperreports-6.0.0.jar
Add classpath:	lib\mysql-connector-java-5.1.47.jar
Add classpath:	lib\mysql-connector-java-8.0.13.jar
Launcher:	C:\Program Files\Java\jre1.8.0_181\bin\javaw.exe
Launcher args:	-classpath "C:\Users\Ricardo\Desktop\PNotes\Deploying\PNotes.exe;lib\jcalendar-1.4.jar;lib\AbsoluteLayout.jar;lib\commons-collections-3.2.1.jar;lib\commons-digester-2.1.jar;lib\commons-logging-1.2.jar;lib\groovy-2.4.5.jar;lib\itext-pdfa-5.5.4.jar;lib\itextpdf-5.5.4.jar;lib\jasperreports-6.0.0.jar;lib\mysql-connector-java-5.1.47.jar;lib\mysql-connector-java-8.0.13.jar" app.Menu
Args length:	379/32768 chars
Exit code:	0
